2023-07-21 00:23:10.076  INFO 15884 --- [XNIO-1 I/O-7] lavalink.server.io.SocketServer          : Connection closed from /[0:0:0:0:0:0:0:1]:63738 with status CloseStatus[code=1006, reason=] -- Session can be resumed within the next 30 seconds with key Victoria
2023-07-21 11:28:53.961  INFO 21992 --- [main] lavalink.server.Launcher                 : Starting Launcher using Java 17.0.7 on rock with PID 21992 (D:\Projects\TheSwarmManager-main\LavaLink\Lavalink.jar started by paged in D:\Projects\TheSwarmManager-main\LavaLink)
2023-07-21 11:28:53.965  INFO 21992 --- [main] lavalink.server.Launcher                 : No active profile set, falling back to 1 default profile: "default"
2023-07-21 11:28:54.788  INFO 21992 --- [main] lavalink.server.Launcher                 : Started Launcher in 1.381 seconds (JVM running for 1.806)
2023-07-21 11:28:54.792  INFO 21992 --- [main] lavalink.server.Launcher                 : You can safely ignore the big red warning about illegal reflection. See https://github.com/freyacodes/Lavalink/issues/295
2023-07-21 11:28:54.840  INFO 21992 --- [main] lavalink.server.Launcher                 : 

[32m       .  [31m _                  _ _       _    [32m__ _ _
[32m      /\\ [31m| | __ ___   ____ _| (_)_ __ | | __[32m\ \ \ \
[32m     ( ( )[31m| |/ _` \ \ / / _` | | | '_ \| |/ /[32m \ \ \ \
[32m      \\/ [31m| | (_| |\ V / (_| | | | | | |   < [32m  ) ) ) )
[32m       '  [31m|_|\__,_| \_/ \__,_|_|_|_| |_|_|\_\[32m / / / /
[0m    =========================================[32m/_/_/_/[0m

	Version:        3.7.5
	Build time:     06.03.2023 12:02:05 UTC
	Branch          HEAD
	Commit:         c00286d
	Commit time:    06.03.2023 11:59:46 UTC
	JVM:            17.0.7
	Lavaplayer      1.4.0-original

2023-07-21 11:28:54.848  INFO 21992 --- [main] lavalink.server.Launcher                 : No active profile set, falling back to 1 default profile: "default"
2023-07-21 11:28:55.671  WARN 21992 --- [main] io.undertow.websockets.jsr               : UT026010: Buffer pool was not set on WebSocketDeploymentInfo, the default pool will be used
2023-07-21 11:28:55.693  INFO 21992 --- [main] io.undertow.servlet                      : Initializing Spring embedded WebApplicationContext
2023-07-21 11:28:55.693  INFO 21992 --- [main] w.s.c.ServletWebServerApplicationContext : Root WebApplicationContext: initialization completed in 840 ms
2023-07-21 11:28:55.773  WARN 21992 --- [main] l.server.config.SentryConfiguration      : Turning off sentry
2023-07-21 11:28:55.939  INFO 21992 --- [main] c.s.d.l.tools.GarbageCollectionMonitor   : GC monitoring enabled, reporting results every 2 minutes.
2023-07-21 11:28:56.638  INFO 21992 --- [main] lavalink.server.config.KoeConfiguration  : OS: WINDOWS, Arch: X86_64
2023-07-21 11:28:56.639  INFO 21992 --- [main] lavalink.server.config.KoeConfiguration  : Enabling JDA-NAS
2023-07-21 11:28:56.642  INFO 21992 --- [main] c.s.l.c.natives.NativeLibraryLoader      : Native library udpqueue: loading with filter null
2023-07-21 11:28:56.649  INFO 21992 --- [main] c.s.l.c.natives.NativeLibraryLoader      : Native library udpqueue: successfully loaded.
2023-07-21 11:28:56.888  INFO 21992 --- [main] io.undertow                              : starting server: Undertow - 2.2.16.Final
2023-07-21 11:28:56.904  INFO 21992 --- [main] org.xnio                                 : XNIO version 3.8.6.Final
2023-07-21 11:28:56.914  INFO 21992 --- [main] org.xnio.nio                             : XNIO NIO Implementation Version 3.8.6.Final
2023-07-21 11:28:56.975  INFO 21992 --- [main] org.jboss.threads                        : JBoss Threads version 3.1.0.Final
2023-07-21 11:28:57.018  INFO 21992 --- [main] o.s.b.w.e.undertow.UndertowWebServer     : Undertow started on port(s) 2333 (http)
2023-07-21 11:28:57.022  INFO 21992 --- [main] lavalink.server.Launcher                 : Started Launcher in 2.225 seconds (JVM running for 4.04)
2023-07-21 11:28:57.023  INFO 21992 --- [main] lavalink.server.Launcher                 : Lavalink is ready to accept connections.
2023-07-21 11:29:11.000  INFO 21992 --- [XNIO-1 task-1] io.undertow.servlet                      : Initializing Spring DispatcherServlet 'dispatcherServlet'
2023-07-21 11:29:11.000  INFO 21992 --- [XNIO-1 task-1] o.s.web.servlet.DispatcherServlet        : Initializing Servlet 'dispatcherServlet'
2023-07-21 11:29:11.002  INFO 21992 --- [XNIO-1 task-1] o.s.web.servlet.DispatcherServlet        : Completed initialization in 1 ms
2023-07-21 11:29:11.083  INFO 21992 --- [XNIO-1 task-1] l.server.io.HandshakeInterceptorImpl     : Incoming connection from /[0:0:0:0:0:0:0:1]:56291
2023-07-21 11:29:11.116  INFO 21992 --- [XNIO-1 task-1] lavalink.server.io.RequestLoggingFilter  : GET /, client=0:0:0:0:0:0:0:1
2023-07-21 11:29:11.743  INFO 21992 --- [XNIO-1 task-1] lavalink.server.io.SocketServer          : Connection successfully established from Victoria/5.2.8.0
2023-07-21 11:29:11.763  INFO 21992 --- [XNIO-1 I/O-9] lavalink.server.io.SocketServer          : {"key":"Victoria","timeout":30,"op":"configureResuming"}
2023-07-21 11:29:11.764  WARN 21992 --- [XNIO-1 I/O-9] lavalink.server.io.WebSocketHandler      : Sending websocket commands to Lavalink has been deprecated and will be removed in API version 4. API version 3 will be removed in Lavalink 5. Please use the new REST endpoints instead.
2023-07-21 11:57:29.211  INFO 21992 --- [SpringApplicationShutdownHook] io.undertow                              : stopping server: Undertow - 2.2.16.Final
2023-07-21 11:57:29.238  INFO 21992 --- [SpringApplicationShutdownHook] io.undertow.servlet                      : Destroying Spring FrameworkServlet 'dispatcherServlet'
2023-07-21 11:57:29.240  INFO 21992 --- [SpringApplicationShutdownHook] c.s.d.l.tools.GarbageCollectionMonitor   : GC monitoring disabled.
2023-07-21 11:57:29.240 ERROR 21992 --- [XNIO-1 I/O-9] org.xnio.listener                        : XNIO001007: A channel event listener threw an exception

java.util.concurrent.RejectedExecutionException: XNIO007007: Thread is terminating
	at org.xnio.nio.WorkerThread.execute(WorkerThread.java:620) ~[xnio-nio-3.8.6.Final.jar!/:3.8.6.Final]
	at io.undertow.websockets.jsr.UndertowSession$3.handleEvent(UndertowSession.java:396) ~[undertow-websockets-jsr-2.2.16.Final.jar!/:2.2.16.Final]
	at io.undertow.websockets.jsr.UndertowSession$3.handleEvent(UndertowSession.java:388) ~[undertow-websockets-jsr-2.2.16.Final.jar!/:2.2.16.Final]
	at org.xnio.ChannelListeners.invokeChannelListener(ChannelListeners.java:92) ~[xnio-api-3.8.6.Final.jar!/:3.8.6.Final]
	at io.undertow.server.protocol.framed.AbstractFramedChannel$FrameCloseListener.handleEvent(AbstractFramedChannel.java:1081) ~[undertow-core-2.2.16.Final.jar!/:2.2.16.Final]
	at io.undertow.server.protocol.framed.AbstractFramedChannel$FrameCloseListener.handleEvent(AbstractFramedChannel.java:994) ~[undertow-core-2.2.16.Final.jar!/:2.2.16.Final]
	at org.xnio.ChannelListeners.invokeChannelListener(ChannelListeners.java:92) ~[xnio-api-3.8.6.Final.jar!/:3.8.6.Final]
	at org.xnio.conduits.WriteReadyHandler$ChannelListenerHandler.terminated(WriteReadyHandler.java:70) ~[xnio-api-3.8.6.Final.jar!/:3.8.6.Final]
	at org.xnio.nio.NioSocketConduit.writeTerminated(NioSocketConduit.java:204) ~[xnio-nio-3.8.6.Final.jar!/:3.8.6.Final]
	at org.xnio.nio.NioSocketConduit.terminateWrites(NioSocketConduit.java:193) ~[xnio-nio-3.8.6.Final.jar!/:3.8.6.Final]
	at org.xnio.nio.NioSocketConduit.truncateWrites(NioSocketConduit.java:198) ~[xnio-nio-3.8.6.Final.jar!/:3.8.6.Final]
	at io.undertow.conduits.IdleTimeoutConduit.truncateWrites(IdleTimeoutConduit.java:387) ~[undertow-core-2.2.16.Final.jar!/:2.2.16.Final]
	at org.xnio.conduits.ConduitStreamSinkChannel.close(ConduitStreamSinkChannel.java:186) ~[xnio-api-3.8.6.Final.jar!/:3.8.6.Final]
	at org.xnio.IoUtils.safeClose(IoUtils.java:152) ~[xnio-api-3.8.6.Final.jar!/:3.8.6.Final]
	at org.xnio.conduits.WriteReadyHandler$ChannelListenerHandler.forceTermination(WriteReadyHandler.java:57) ~[xnio-api-3.8.6.Final.jar!/:3.8.6.Final]
	at org.xnio.nio.NioSocketConduit.forceTermination(NioSocketConduit.java:108) ~[xnio-nio-3.8.6.Final.jar!/:3.8.6.Final]
	at org.xnio.nio.WorkerThread.run(WorkerThread.java:507) ~[xnio-nio-3.8.6.Final.jar!/:3.8.6.Final]

